sql [2022-07-17 15:00:25] [DEBUG]: Executing (default): CREATE TABLE IF NOT EXISTS `Classes` (`id` INTEGER NOT NULL auto_increment , `name` VARCHAR(255) NOT NULL, `openDate` DATETIME NOT NULL, `deletedAt` DATETIME, PRIMARY KEY (`id`)) ENGINE=InnoDB;

sql [2022-07-17 15:00:25] [DEBUG]: Executing (default): SHOW FULL COLUMNS FROM `Classes`;

sql [2022-07-17 15:00:25] [DEBUG]: Executing (default): SELECT CONSTRAINT_NAME as constraint_name,CONSTRAINT_NAME as constraintName,CONSTRAINT_SCHEMA as constraintSchema,CONSTRAINT_SCHEMA as constraintCatalog,TABLE_NAME as tableName,TABLE_SCHEMA as tableSchema,TABLE_SCHEMA as tableCatalog,COLUMN_NAME as columnName,REFERENCED_TABLE_SCHEMA as referencedTableSchema,REFERENCED_TABLE_SCHEMA as referencedTableCatalog,REFERENCED_TABLE_NAME as referencedTableName,REFERENCED_COLUMN_NAME as referencedColumnName FROM INFORMATION_SCHEMA.KEY_COLUMN_USAGE where TABLE_NAME = 'Classes' AND CONSTRAINT_NAME!='PRIMARY' AND CONSTRAINT_SCHEMA='schooldb' AND REFERENCED_TABLE_NAME IS NOT NULL;

sql [2022-07-17 15:00:25] [DEBUG]: Executing (default): ALTER TABLE `Classes` CHANGE `name` `name` VARCHAR(255) NOT NULL;

sql [2022-07-17 15:00:25] [DEBUG]: Executing (default): ALTER TABLE `Classes` CHANGE `openDate` `openDate` DATETIME NOT NULL;

sql [2022-07-17 15:00:25] [DEBUG]: Executing (default): ALTER TABLE `Classes` CHANGE `deletedAt` `deletedAt` DATETIME;

sql [2022-07-17 15:00:25] [DEBUG]: Executing (default): SHOW INDEX FROM `Classes`

sql [2022-07-17 15:00:25] [DEBUG]: Executing (default): CREATE TABLE IF NOT EXISTS `Students` (`id` INTEGER NOT NULL auto_increment , `name` VARCHAR(255) NOT NULL, `birthday` DATETIME NOT NULL, `sex` TINYINT(1) NOT NULL, `mobile` VARCHAR(11) NOT NULL, `deletedAt` DATETIME, `ClassId` INTEGER, PRIMARY KEY (`id`), FOREIGN KEY (`ClassId`) REFERENCES `Classes` (`id`) ON DELETE SET NULL ON UPDATE CASCADE) ENGINE=InnoDB;

sql [2022-07-17 15:00:25] [DEBUG]: Executing (default): SHOW FULL COLUMNS FROM `Students`;

sql [2022-07-17 15:00:25] [DEBUG]: Executing (default): SELECT CONSTRAINT_NAME as constraint_name,CONSTRAINT_NAME as constraintName,CONSTRAINT_SCHEMA as constraintSchema,CONSTRAINT_SCHEMA as constraintCatalog,TABLE_NAME as tableName,TABLE_SCHEMA as tableSchema,TABLE_SCHEMA as tableCatalog,COLUMN_NAME as columnName,REFERENCED_TABLE_SCHEMA as referencedTableSchema,REFERENCED_TABLE_SCHEMA as referencedTableCatalog,REFERENCED_TABLE_NAME as referencedTableName,REFERENCED_COLUMN_NAME as referencedColumnName FROM INFORMATION_SCHEMA.KEY_COLUMN_USAGE where TABLE_NAME = 'Students' AND CONSTRAINT_NAME!='PRIMARY' AND CONSTRAINT_SCHEMA='schooldb' AND REFERENCED_TABLE_NAME IS NOT NULL;

sql [2022-07-17 15:00:25] [DEBUG]: Executing (default): ALTER TABLE `Students` CHANGE `name` `name` VARCHAR(255) NOT NULL;

sql [2022-07-17 15:00:25] [DEBUG]: Executing (default): ALTER TABLE `Students` CHANGE `birthday` `birthday` DATETIME NOT NULL;

sql [2022-07-17 15:00:25] [DEBUG]: Executing (default): ALTER TABLE `Students` CHANGE `sex` `sex` TINYINT(1) NOT NULL;

sql [2022-07-17 15:00:25] [DEBUG]: Executing (default): ALTER TABLE `Students` CHANGE `mobile` `mobile` VARCHAR(11) NOT NULL;

sql [2022-07-17 15:00:25] [DEBUG]: Executing (default): ALTER TABLE `Students` CHANGE `deletedAt` `deletedAt` DATETIME;

sql [2022-07-17 15:00:25] [DEBUG]: Executing (default): SELECT CONSTRAINT_CATALOG AS constraintCatalog, CONSTRAINT_NAME AS constraintName, CONSTRAINT_SCHEMA AS constraintSchema, CONSTRAINT_TYPE AS constraintType, TABLE_NAME AS tableName, TABLE_SCHEMA AS tableSchema from INFORMATION_SCHEMA.TABLE_CONSTRAINTS WHERE table_name='Students' AND constraint_name = 'students_ibfk_1' AND TABLE_SCHEMA = 'schooldb';

sql [2022-07-17 15:00:25] [DEBUG]: Executing (default): ALTER TABLE `Students`
      DROP FOREIGN KEY `students_ibfk_1`;

sql [2022-07-17 15:00:25] [DEBUG]: Executing (default): ALTER TABLE `Students` ADD FOREIGN KEY (`ClassId`) REFERENCES `Classes` (`id`) ON DELETE SET NULL ON UPDATE CASCADE;

sql [2022-07-17 15:00:25] [DEBUG]: Executing (default): SHOW INDEX FROM `Students`

sql [2022-07-17 15:00:25] [DEBUG]: Executing (default): CREATE TABLE IF NOT EXISTS `Admins` (`id` INTEGER NOT NULL auto_increment , `loginId` VARCHAR(255) NOT NULL, `loginPwd` VARCHAR(255) NOT NULL, `deletedAt` DATETIME, PRIMARY KEY (`id`)) ENGINE=InnoDB;

sql [2022-07-17 15:00:25] [DEBUG]: Executing (default): SHOW FULL COLUMNS FROM `Admins`;

sql [2022-07-17 15:00:25] [DEBUG]: Executing (default): SELECT CONSTRAINT_NAME as constraint_name,CONSTRAINT_NAME as constraintName,CONSTRAINT_SCHEMA as constraintSchema,CONSTRAINT_SCHEMA as constraintCatalog,TABLE_NAME as tableName,TABLE_SCHEMA as tableSchema,TABLE_SCHEMA as tableCatalog,COLUMN_NAME as columnName,REFERENCED_TABLE_SCHEMA as referencedTableSchema,REFERENCED_TABLE_SCHEMA as referencedTableCatalog,REFERENCED_TABLE_NAME as referencedTableName,REFERENCED_COLUMN_NAME as referencedColumnName FROM INFORMATION_SCHEMA.KEY_COLUMN_USAGE where TABLE_NAME = 'Admins' AND CONSTRAINT_NAME!='PRIMARY' AND CONSTRAINT_SCHEMA='schooldb' AND REFERENCED_TABLE_NAME IS NOT NULL;

sql [2022-07-17 15:00:25] [DEBUG]: Executing (default): ALTER TABLE `Admins` CHANGE `loginId` `loginId` VARCHAR(255) NOT NULL;

sql [2022-07-17 15:00:25] [DEBUG]: Executing (default): ALTER TABLE `Admins` CHANGE `loginPwd` `loginPwd` VARCHAR(255) NOT NULL;

sql [2022-07-17 15:00:25] [DEBUG]: Executing (default): ALTER TABLE `Admins` CHANGE `deletedAt` `deletedAt` DATETIME;

sql [2022-07-17 15:00:25] [DEBUG]: Executing (default): SHOW INDEX FROM `Admins`

sql [2022-07-17 15:00:25] [DEBUG]: Executing (default): CREATE TABLE IF NOT EXISTS `Books` (`id` INTEGER NOT NULL auto_increment , `name` VARCHAR(255) NOT NULL, `imgurl` VARCHAR(255), `publishDate` VARCHAR(255) NOT NULL, `author` VARCHAR(255) NOT NULL, `createdAt` DATETIME NOT NULL, `updatedAt` DATETIME NOT NULL, `deletedAt` DATETIME, PRIMARY KEY (`id`)) ENGINE=InnoDB;

sql [2022-07-17 15:00:25] [DEBUG]: Executing (default): SHOW FULL COLUMNS FROM `Books`;

sql [2022-07-17 15:00:25] [DEBUG]: Executing (default): SELECT CONSTRAINT_NAME as constraint_name,CONSTRAINT_NAME as constraintName,CONSTRAINT_SCHEMA as constraintSchema,CONSTRAINT_SCHEMA as constraintCatalog,TABLE_NAME as tableName,TABLE_SCHEMA as tableSchema,TABLE_SCHEMA as tableCatalog,COLUMN_NAME as columnName,REFERENCED_TABLE_SCHEMA as referencedTableSchema,REFERENCED_TABLE_SCHEMA as referencedTableCatalog,REFERENCED_TABLE_NAME as referencedTableName,REFERENCED_COLUMN_NAME as referencedColumnName FROM INFORMATION_SCHEMA.KEY_COLUMN_USAGE where TABLE_NAME = 'Books' AND CONSTRAINT_NAME!='PRIMARY' AND CONSTRAINT_SCHEMA='schooldb' AND REFERENCED_TABLE_NAME IS NOT NULL;

sql [2022-07-17 15:00:25] [DEBUG]: Executing (default): ALTER TABLE `Books` ADD `imgurl` VARCHAR(255);

sql [2022-07-17 15:01:20] [DEBUG]: Executing (default): CREATE TABLE IF NOT EXISTS `Classes` (`id` INTEGER NOT NULL auto_increment , `name` VARCHAR(255) NOT NULL, `openDate` DATETIME NOT NULL, `deletedAt` DATETIME, PRIMARY KEY (`id`)) ENGINE=InnoDB;

sql [2022-07-17 15:01:20] [DEBUG]: Executing (default): SHOW FULL COLUMNS FROM `Classes`;

sql [2022-07-17 15:01:20] [DEBUG]: Executing (default): SELECT CONSTRAINT_NAME as constraint_name,CONSTRAINT_NAME as constraintName,CONSTRAINT_SCHEMA as constraintSchema,CONSTRAINT_SCHEMA as constraintCatalog,TABLE_NAME as tableName,TABLE_SCHEMA as tableSchema,TABLE_SCHEMA as tableCatalog,COLUMN_NAME as columnName,REFERENCED_TABLE_SCHEMA as referencedTableSchema,REFERENCED_TABLE_SCHEMA as referencedTableCatalog,REFERENCED_TABLE_NAME as referencedTableName,REFERENCED_COLUMN_NAME as referencedColumnName FROM INFORMATION_SCHEMA.KEY_COLUMN_USAGE where TABLE_NAME = 'Classes' AND CONSTRAINT_NAME!='PRIMARY' AND CONSTRAINT_SCHEMA='schooldb' AND REFERENCED_TABLE_NAME IS NOT NULL;

sql [2022-07-17 15:01:20] [DEBUG]: Executing (default): ALTER TABLE `Classes` CHANGE `name` `name` VARCHAR(255) NOT NULL;

sql [2022-07-17 15:01:20] [DEBUG]: Executing (default): ALTER TABLE `Classes` CHANGE `openDate` `openDate` DATETIME NOT NULL;

sql [2022-07-17 15:01:20] [DEBUG]: Executing (default): ALTER TABLE `Classes` CHANGE `deletedAt` `deletedAt` DATETIME;

sql [2022-07-17 15:01:20] [DEBUG]: Executing (default): SHOW INDEX FROM `Classes`

sql [2022-07-17 15:01:20] [DEBUG]: Executing (default): CREATE TABLE IF NOT EXISTS `Students` (`id` INTEGER NOT NULL auto_increment , `name` VARCHAR(255) NOT NULL, `birthday` DATETIME NOT NULL, `sex` TINYINT(1) NOT NULL, `mobile` VARCHAR(11) NOT NULL, `deletedAt` DATETIME, `ClassId` INTEGER, PRIMARY KEY (`id`), FOREIGN KEY (`ClassId`) REFERENCES `Classes` (`id`) ON DELETE SET NULL ON UPDATE CASCADE) ENGINE=InnoDB;

sql [2022-07-17 15:01:20] [DEBUG]: Executing (default): SHOW FULL COLUMNS FROM `Students`;

sql [2022-07-17 15:01:20] [DEBUG]: Executing (default): SELECT CONSTRAINT_NAME as constraint_name,CONSTRAINT_NAME as constraintName,CONSTRAINT_SCHEMA as constraintSchema,CONSTRAINT_SCHEMA as constraintCatalog,TABLE_NAME as tableName,TABLE_SCHEMA as tableSchema,TABLE_SCHEMA as tableCatalog,COLUMN_NAME as columnName,REFERENCED_TABLE_SCHEMA as referencedTableSchema,REFERENCED_TABLE_SCHEMA as referencedTableCatalog,REFERENCED_TABLE_NAME as referencedTableName,REFERENCED_COLUMN_NAME as referencedColumnName FROM INFORMATION_SCHEMA.KEY_COLUMN_USAGE where TABLE_NAME = 'Students' AND CONSTRAINT_NAME!='PRIMARY' AND CONSTRAINT_SCHEMA='schooldb' AND REFERENCED_TABLE_NAME IS NOT NULL;

sql [2022-07-17 15:01:20] [DEBUG]: Executing (default): ALTER TABLE `Students` CHANGE `name` `name` VARCHAR(255) NOT NULL;

sql [2022-07-17 15:01:20] [DEBUG]: Executing (default): ALTER TABLE `Students` CHANGE `birthday` `birthday` DATETIME NOT NULL;

sql [2022-07-17 15:01:20] [DEBUG]: Executing (default): ALTER TABLE `Students` CHANGE `sex` `sex` TINYINT(1) NOT NULL;

sql [2022-07-17 15:01:20] [DEBUG]: Executing (default): ALTER TABLE `Students` CHANGE `mobile` `mobile` VARCHAR(11) NOT NULL;

sql [2022-07-17 15:01:20] [DEBUG]: Executing (default): ALTER TABLE `Students` CHANGE `deletedAt` `deletedAt` DATETIME;

sql [2022-07-17 15:01:20] [DEBUG]: Executing (default): SELECT CONSTRAINT_CATALOG AS constraintCatalog, CONSTRAINT_NAME AS constraintName, CONSTRAINT_SCHEMA AS constraintSchema, CONSTRAINT_TYPE AS constraintType, TABLE_NAME AS tableName, TABLE_SCHEMA AS tableSchema from INFORMATION_SCHEMA.TABLE_CONSTRAINTS WHERE table_name='Students' AND constraint_name = 'students_ibfk_1' AND TABLE_SCHEMA = 'schooldb';

sql [2022-07-17 15:01:20] [DEBUG]: Executing (default): ALTER TABLE `Students`
      DROP FOREIGN KEY `students_ibfk_1`;

sql [2022-07-17 15:01:20] [DEBUG]: Executing (default): ALTER TABLE `Students` ADD FOREIGN KEY (`ClassId`) REFERENCES `Classes` (`id`) ON DELETE SET NULL ON UPDATE CASCADE;

sql [2022-07-17 15:01:20] [DEBUG]: Executing (default): SHOW INDEX FROM `Students`

sql [2022-07-17 15:01:20] [DEBUG]: Executing (default): CREATE TABLE IF NOT EXISTS `Admins` (`id` INTEGER NOT NULL auto_increment , `loginId` VARCHAR(255) NOT NULL, `loginPwd` VARCHAR(255) NOT NULL, `deletedAt` DATETIME, PRIMARY KEY (`id`)) ENGINE=InnoDB;

sql [2022-07-17 15:01:20] [DEBUG]: Executing (default): SHOW FULL COLUMNS FROM `Admins`;

sql [2022-07-17 15:01:20] [DEBUG]: Executing (default): SELECT CONSTRAINT_NAME as constraint_name,CONSTRAINT_NAME as constraintName,CONSTRAINT_SCHEMA as constraintSchema,CONSTRAINT_SCHEMA as constraintCatalog,TABLE_NAME as tableName,TABLE_SCHEMA as tableSchema,TABLE_SCHEMA as tableCatalog,COLUMN_NAME as columnName,REFERENCED_TABLE_SCHEMA as referencedTableSchema,REFERENCED_TABLE_SCHEMA as referencedTableCatalog,REFERENCED_TABLE_NAME as referencedTableName,REFERENCED_COLUMN_NAME as referencedColumnName FROM INFORMATION_SCHEMA.KEY_COLUMN_USAGE where TABLE_NAME = 'Admins' AND CONSTRAINT_NAME!='PRIMARY' AND CONSTRAINT_SCHEMA='schooldb' AND REFERENCED_TABLE_NAME IS NOT NULL;

sql [2022-07-17 15:01:20] [DEBUG]: Executing (default): ALTER TABLE `Admins` CHANGE `loginId` `loginId` VARCHAR(255) NOT NULL;

sql [2022-07-17 15:01:20] [DEBUG]: Executing (default): ALTER TABLE `Admins` CHANGE `loginPwd` `loginPwd` VARCHAR(255) NOT NULL;

sql [2022-07-17 15:01:20] [DEBUG]: Executing (default): ALTER TABLE `Admins` CHANGE `deletedAt` `deletedAt` DATETIME;

sql [2022-07-17 15:01:20] [DEBUG]: Executing (default): SHOW INDEX FROM `Admins`

sql [2022-07-17 15:01:20] [DEBUG]: Executing (default): CREATE TABLE IF NOT EXISTS `Books` (`id` INTEGER NOT NULL auto_increment , `name` VARCHAR(255) NOT NULL, `imgUrl` VARCHAR(255), `publishDate` VARCHAR(255) NOT NULL, `author` VARCHAR(255) NOT NULL, `createdAt` DATETIME NOT NULL, `updatedAt` DATETIME NOT NULL, `deletedAt` DATETIME, PRIMARY KEY (`id`)) ENGINE=InnoDB;

sql [2022-07-17 15:01:20] [DEBUG]: Executing (default): SHOW FULL COLUMNS FROM `Books`;

sql [2022-07-17 15:01:20] [DEBUG]: Executing (default): SELECT CONSTRAINT_NAME as constraint_name,CONSTRAINT_NAME as constraintName,CONSTRAINT_SCHEMA as constraintSchema,CONSTRAINT_SCHEMA as constraintCatalog,TABLE_NAME as tableName,TABLE_SCHEMA as tableSchema,TABLE_SCHEMA as tableCatalog,COLUMN_NAME as columnName,REFERENCED_TABLE_SCHEMA as referencedTableSchema,REFERENCED_TABLE_SCHEMA as referencedTableCatalog,REFERENCED_TABLE_NAME as referencedTableName,REFERENCED_COLUMN_NAME as referencedColumnName FROM INFORMATION_SCHEMA.KEY_COLUMN_USAGE where TABLE_NAME = 'Books' AND CONSTRAINT_NAME!='PRIMARY' AND CONSTRAINT_SCHEMA='schooldb' AND REFERENCED_TABLE_NAME IS NOT NULL;

sql [2022-07-17 15:01:20] [DEBUG]: Executing (default): ALTER TABLE `Books` CHANGE `name` `name` VARCHAR(255) NOT NULL;

sql [2022-07-17 15:01:20] [DEBUG]: Executing (default): ALTER TABLE `Books` CHANGE `imgUrl` `imgUrl` VARCHAR(255);

sql [2022-07-17 15:01:20] [DEBUG]: Executing (default): ALTER TABLE `Books` CHANGE `publishDate` `publishDate` VARCHAR(255) NOT NULL;

sql [2022-07-17 15:01:20] [DEBUG]: Executing (default): ALTER TABLE `Books` CHANGE `author` `author` VARCHAR(255) NOT NULL;

sql [2022-07-17 15:01:20] [DEBUG]: Executing (default): ALTER TABLE `Books` CHANGE `createdAt` `createdAt` DATETIME NOT NULL;

sql [2022-07-17 15:01:20] [DEBUG]: Executing (default): ALTER TABLE `Books` CHANGE `updatedAt` `updatedAt` DATETIME NOT NULL;

sql [2022-07-17 15:01:20] [DEBUG]: Executing (default): ALTER TABLE `Books` CHANGE `deletedAt` `deletedAt` DATETIME;

sql [2022-07-17 15:01:20] [DEBUG]: Executing (default): SHOW INDEX FROM `Books`

sql [2022-07-17 15:01:51] [DEBUG]: Executing (default): SELECT `id`, `loginId`, `loginPwd`, `deletedAt` FROM `Admins` AS `Admin` WHERE (`Admin`.`deletedAt` IS NULL AND (`Admin`.`loginId` = 'xzq' AND `Admin`.`loginPwd` = '4297f44b13955235245b2497399d7a93')) LIMIT 1;

